<?xml version="1.0" encoding="UTF-8"?>
<coverage generated="1689671043344" clover="3.2.0">
  <project timestamp="1689671043344" name="All files">
    <metrics statements="106" coveredstatements="106" conditionals="48" coveredconditionals="45" methods="17" coveredmethods="17" elements="171" coveredelements="168" complexity="0" loc="106" ncloc="106" packages="1" files="2" classes="2"/>
    <file name="exercise.js" path="D:\Programming\JCWD Purwadhika\day 15 exercise\exercise.js">
      <metrics statements="67" coveredstatements="67" conditionals="40" coveredconditionals="37" methods="11" coveredmethods="11"/>
      <line num="23" count="5" type="cond" truecount="4" falsecount="0"/>
      <line num="24" count="2" type="stmt"/>
      <line num="34" count="5" type="stmt"/>
      <line num="35" count="5" type="stmt"/>
      <line num="37" count="23" type="cond" truecount="1" falsecount="1"/>
      <line num="38" count="23" type="cond" truecount="2" falsecount="0"/>
      <line num="39" count="13" type="cond" truecount="1" falsecount="1"/>
      <line num="40" count="13" type="stmt"/>
      <line num="41" count="2" type="cond" truecount="2" falsecount="0"/>
      <line num="42" count="1" type="stmt"/>
      <line num="45" count="12" type="stmt"/>
      <line num="48" count="5" type="cond" truecount="2" falsecount="0"/>
      <line num="49" count="23" type="cond" truecount="2" falsecount="0"/>
      <line num="50" count="1" type="stmt"/>
      <line num="51" count="1" type="stmt"/>
      <line num="53" count="22" type="cond" truecount="4" falsecount="0"/>
      <line num="54" count="10" type="stmt"/>
      <line num="56" count="22" type="cond" truecount="2" falsecount="0"/>
      <line num="57" count="17" type="stmt"/>
      <line num="59" count="22" type="cond" truecount="2" falsecount="0"/>
      <line num="60" count="12" type="stmt"/>
      <line num="62" count="22" type="cond" truecount="4" falsecount="0"/>
      <line num="63" count="8" type="stmt"/>
      <line num="64" count="14" type="stmt"/>
      <line num="66" count="5" type="stmt"/>
      <line num="71" count="4" type="cond" truecount="1" falsecount="1"/>
      <line num="72" count="4" type="stmt"/>
      <line num="73" count="4" type="stmt"/>
      <line num="74" count="4" type="stmt"/>
      <line num="75" count="53" type="cond" truecount="2" falsecount="0"/>
      <line num="76" count="53" type="cond" truecount="2" falsecount="0"/>
      <line num="78" count="4" type="stmt"/>
      <line num="85" count="3" type="stmt"/>
      <line num="86" count="3" type="stmt"/>
      <line num="87" count="3" type="stmt"/>
      <line num="88" count="3" type="stmt"/>
      <line num="89" count="193" type="cond" truecount="2" falsecount="0"/>
      <line num="90" count="43" type="stmt"/>
      <line num="92" count="193" type="stmt"/>
      <line num="94" count="119" type="stmt"/>
      <line num="95" count="3" type="stmt"/>
      <line num="96" count="3" type="stmt"/>
      <line num="106" count="1" type="stmt"/>
      <line num="107" count="1" type="stmt"/>
      <line num="108" count="1" type="stmt"/>
      <line num="109" count="1" type="stmt"/>
      <line num="110" count="1" type="stmt"/>
      <line num="111" count="49" type="stmt"/>
      <line num="112" count="2989" type="cond" truecount="2" falsecount="0"/>
      <line num="113" count="790" type="stmt"/>
      <line num="114" count="790" type="stmt"/>
      <line num="115" count="790" type="stmt"/>
      <line num="118" count="49" type="cond" truecount="2" falsecount="0"/>
      <line num="119" count="48" type="stmt"/>
      <line num="122" count="1" type="stmt"/>
      <line num="127" count="1" type="stmt"/>
      <line num="128" count="1" type="stmt"/>
      <line num="129" count="1" type="stmt"/>
      <line num="145" count="13" type="stmt"/>
      <line num="146" count="2" type="stmt"/>
      <line num="148" count="1" type="stmt"/>
      <line num="159" count="2" type="stmt"/>
      <line num="160" count="2" type="stmt"/>
      <line num="161" count="10" type="stmt"/>
      <line num="162" count="23" type="stmt"/>
      <line num="165" count="2" type="stmt"/>
      <line num="177" count="1" type="stmt"/>
    </file>
    <file name="exercise2.js" path="D:\Programming\JCWD Purwadhika\day 15 exercise\exercise2.js">
      <metrics statements="39" coveredstatements="39" conditionals="8" coveredconditionals="8" methods="6" coveredmethods="6"/>
      <line num="3" count="3" type="stmt"/>
      <line num="4" count="3" type="stmt"/>
      <line num="5" count="3" type="stmt"/>
      <line num="6" count="3" type="stmt"/>
      <line num="7" count="16" type="stmt"/>
      <line num="8" count="83" type="cond" truecount="2" falsecount="0"/>
      <line num="9" count="67" type="stmt"/>
      <line num="10" count="67" type="cond" truecount="2" falsecount="0"/>
      <line num="11" count="39" type="stmt"/>
      <line num="13" count="67" type="stmt"/>
      <line num="14" count="423" type="stmt"/>
      <line num="17" count="67" type="cond" truecount="2" falsecount="0"/>
      <line num="18" count="35" type="stmt"/>
      <line num="19" count="35" type="stmt"/>
      <line num="23" count="3" type="stmt"/>
      <line num="26" count="1" type="stmt"/>
      <line num="38" count="1" type="stmt"/>
      <line num="44" count="2" type="cond" truecount="2" falsecount="0"/>
      <line num="45" count="1" type="stmt"/>
      <line num="48" count="1" type="stmt"/>
      <line num="51" count="1" type="stmt"/>
      <line num="57" count="5" type="stmt"/>
      <line num="58" count="5" type="stmt"/>
      <line num="59" count="5" type="stmt"/>
      <line num="60" count="5" type="stmt"/>
      <line num="61" count="5" type="stmt"/>
      <line num="64" count="1" type="stmt"/>
      <line num="65" count="1" type="stmt"/>
      <line num="69" count="3" type="stmt"/>
      <line num="70" count="3" type="stmt"/>
      <line num="71" count="3" type="stmt"/>
      <line num="72" count="3" type="stmt"/>
      <line num="73" count="3" type="stmt"/>
      <line num="79" count="2" type="stmt"/>
      <line num="80" count="2" type="stmt"/>
      <line num="81" count="2" type="stmt"/>
      <line num="83" count="2" type="stmt"/>
      <line num="87" count="2" type="stmt"/>
      <line num="92" count="1" type="stmt"/>
    </file>
  </project>
</coverage>
