{"D:\\Programming\\JCWD Purwadhika\\day 15 exercise\\exercise.js": {"path":"D:\\Programming\\JCWD Purwadhika\\day 15 exercise\\exercise.js","statementMap":{"0":{"start":{"line":23,"column":2},"end":{"line":24,"column":20}},"1":{"start":{"line":23,"column":48},"end":{"line":23,"column":60}},"2":{"start":{"line":24,"column":7},"end":{"line":24,"column":20}},"3":{"start":{"line":34,"column":12},"end":{"line":34,"column":13}},"4":{"start":{"line":35,"column":10},"end":{"line":35,"column":11}},"5":{"start":{"line":37,"column":4},"end":{"line":46,"column":5}},"6":{"start":{"line":37,"column":21},"end":{"line":37,"column":34}},"7":{"start":{"line":38,"column":9},"end":{"line":46,"column":5}},"8":{"start":{"line":38,"column":26},"end":{"line":38,"column":38}},"9":{"start":{"line":39,"column":9},"end":{"line":46,"column":5}},"10":{"start":{"line":40,"column":6},"end":{"line":44,"column":7}},"11":{"start":{"line":40,"column":19},"end":{"line":40,"column":20}},"12":{"start":{"line":41,"column":8},"end":{"line":43,"column":9}},"13":{"start":{"line":42,"column":10},"end":{"line":42,"column":23}},"14":{"start":{"line":45,"column":6},"end":{"line":45,"column":18}},"15":{"start":{"line":48,"column":2},"end":{"line":65,"column":3}},"16":{"start":{"line":49,"column":4},"end":{"line":52,"column":5}},"17":{"start":{"line":50,"column":6},"end":{"line":50,"column":10}},"18":{"start":{"line":51,"column":6},"end":{"line":51,"column":15}},"19":{"start":{"line":53,"column":4},"end":{"line":55,"column":5}},"20":{"start":{"line":54,"column":6},"end":{"line":54,"column":15}},"21":{"start":{"line":56,"column":4},"end":{"line":58,"column":5}},"22":{"start":{"line":57,"column":6},"end":{"line":57,"column":28}},"23":{"start":{"line":59,"column":4},"end":{"line":61,"column":5}},"24":{"start":{"line":60,"column":6},"end":{"line":60,"column":28}},"25":{"start":{"line":62,"column":4},"end":{"line":64,"column":15}},"26":{"start":{"line":63,"column":6},"end":{"line":63,"column":15}},"27":{"start":{"line":64,"column":11},"end":{"line":64,"column":15}},"28":{"start":{"line":66,"column":2},"end":{"line":66,"column":13}},"29":{"start":{"line":71,"column":2},"end":{"line":71,"column":41}},"30":{"start":{"line":71,"column":26},"end":{"line":71,"column":41}},"31":{"start":{"line":72,"column":24},"end":{"line":72,"column":31}},"32":{"start":{"line":73,"column":24},"end":{"line":73,"column":31}},"33":{"start":{"line":74,"column":2},"end":{"line":77,"column":31}},"34":{"start":{"line":75,"column":4},"end":{"line":75,"column":60}},"35":{"start":{"line":76,"column":4},"end":{"line":76,"column":60}},"36":{"start":{"line":78,"column":2},"end":{"line":78,"column":17}},"37":{"start":{"line":85,"column":12},"end":{"line":85,"column":21}},"38":{"start":{"line":86,"column":2},"end":{"line":86,"column":55}},"39":{"start":{"line":87,"column":10},"end":{"line":87,"column":26}},"40":{"start":{"line":88,"column":2},"end":{"line":93,"column":3}},"41":{"start":{"line":89,"column":4},"end":{"line":91,"column":5}},"42":{"start":{"line":90,"column":6},"end":{"line":90,"column":23}},"43":{"start":{"line":92,"column":4},"end":{"line":92,"column":37}},"44":{"start":{"line":94,"column":2},"end":{"line":94,"column":62}},"45":{"start":{"line":94,"column":49},"end":{"line":94,"column":60}},"46":{"start":{"line":95,"column":2},"end":{"line":95,"column":42}},"47":{"start":{"line":96,"column":2},"end":{"line":96,"column":16}},"48":{"start":{"line":106,"column":12},"end":{"line":106,"column":41}},"49":{"start":{"line":107,"column":15},"end":{"line":107,"column":28}},"50":{"start":{"line":108,"column":12},"end":{"line":108,"column":20}},"51":{"start":{"line":109,"column":16},"end":{"line":109,"column":31}},"52":{"start":{"line":110,"column":2},"end":{"line":120,"column":3}},"53":{"start":{"line":111,"column":4},"end":{"line":117,"column":5}},"54":{"start":{"line":112,"column":6},"end":{"line":116,"column":7}},"55":{"start":{"line":113,"column":8},"end":{"line":113,"column":25}},"56":{"start":{"line":114,"column":8},"end":{"line":114,"column":34}},"57":{"start":{"line":115,"column":8},"end":{"line":115,"column":29}},"58":{"start":{"line":118,"column":4},"end":{"line":118,"column":42}},"59":{"start":{"line":118,"column":36},"end":{"line":118,"column":42}},"60":{"start":{"line":119,"column":4},"end":{"line":119,"column":30}},"61":{"start":{"line":122,"column":2},"end":{"line":122,"column":17}},"62":{"start":{"line":127,"column":2},"end":{"line":127,"column":41}},"63":{"start":{"line":128,"column":2},"end":{"line":128,"column":35}},"64":{"start":{"line":129,"column":2},"end":{"line":129,"column":25}},"65":{"start":{"line":145,"column":2},"end":{"line":145,"column":57}},"66":{"start":{"line":145,"column":30},"end":{"line":145,"column":55}},"67":{"start":{"line":146,"column":2},"end":{"line":146,"column":35}},"68":{"start":{"line":148,"column":0},"end":{"line":154,"column":2}},"69":{"start":{"line":159,"column":12},"end":{"line":159,"column":13}},"70":{"start":{"line":160,"column":2},"end":{"line":164,"column":3}},"71":{"start":{"line":161,"column":4},"end":{"line":163,"column":5}},"72":{"start":{"line":162,"column":6},"end":{"line":162,"column":20}},"73":{"start":{"line":165,"column":2},"end":{"line":165,"column":13}},"74":{"start":{"line":177,"column":0},"end":{"line":186,"column":2}}},"fnMap":{"0":{"name":"isWeekend","decl":{"start":{"line":2,"column":9},"end":{"line":2,"column":18}},"loc":{"start":{"line":2,"column":25},"end":{"line":25,"column":1}},"line":2},"1":{"name":"find_GCD","decl":{"start":{"line":33,"column":9},"end":{"line":33,"column":17}},"loc":{"start":{"line":33,"column":36},"end":{"line":67,"column":1}},"line":33},"2":{"name":"is_prime","decl":{"start":{"line":36,"column":11},"end":{"line":36,"column":19}},"loc":{"start":{"line":36,"column":28},"end":{"line":47,"column":3}},"line":36},"3":{"name":"find_LCM","decl":{"start":{"line":70,"column":9},"end":{"line":70,"column":17}},"loc":{"start":{"line":70,"column":36},"end":{"line":79,"column":1}},"line":70},"4":{"name":"most_common_char","decl":{"start":{"line":84,"column":9},"end":{"line":84,"column":25}},"loc":{"start":{"line":84,"column":34},"end":{"line":97,"column":1}},"line":84},"5":{"name":"(anonymous_5)","decl":{"start":{"line":94,"column":39},"end":{"line":94,"column":40}},"loc":{"start":{"line":94,"column":49},"end":{"line":94,"column":60}},"line":94},"6":{"name":"sorting","decl":{"start":{"line":105,"column":9},"end":{"line":105,"column":16}},"loc":{"start":{"line":105,"column":25},"end":{"line":123,"column":1}},"line":105},"7":{"name":"sort_withsort","decl":{"start":{"line":125,"column":9},"end":{"line":125,"column":22}},"loc":{"start":{"line":125,"column":31},"end":{"line":130,"column":1}},"line":125},"8":{"name":"minimum_date","decl":{"start":{"line":143,"column":9},"end":{"line":143,"column":21}},"loc":{"start":{"line":143,"column":36},"end":{"line":147,"column":1}},"line":143},"9":{"name":"(anonymous_9)","decl":{"start":{"line":145,"column":20},"end":{"line":145,"column":21}},"loc":{"start":{"line":145,"column":30},"end":{"line":145,"column":55}},"line":145},"10":{"name":"sum_two_dimensional_array","decl":{"start":{"line":158,"column":9},"end":{"line":158,"column":34}},"loc":{"start":{"line":158,"column":42},"end":{"line":166,"column":1}},"line":158}},"branchMap":{"0":{"loc":{"start":{"line":23,"column":2},"end":{"line":24,"column":20}},"type":"if","locations":[{"start":{"line":23,"column":2},"end":{"line":24,"column":20}},{"start":{"line":24,"column":7},"end":{"line":24,"column":20}}],"line":23},"1":{"loc":{"start":{"line":23,"column":6},"end":{"line":23,"column":46}},"type":"binary-expr","locations":[{"start":{"line":23,"column":6},"end":{"line":23,"column":24}},{"start":{"line":23,"column":28},"end":{"line":23,"column":46}}],"line":23},"2":{"loc":{"start":{"line":37,"column":4},"end":{"line":46,"column":5}},"type":"if","locations":[{"start":{"line":37,"column":4},"end":{"line":46,"column":5}},{"start":{"line":38,"column":9},"end":{"line":46,"column":5}}],"line":37},"3":{"loc":{"start":{"line":38,"column":9},"end":{"line":46,"column":5}},"type":"if","locations":[{"start":{"line":38,"column":9},"end":{"line":46,"column":5}},{"start":{"line":39,"column":9},"end":{"line":46,"column":5}}],"line":38},"4":{"loc":{"start":{"line":39,"column":9},"end":{"line":46,"column":5}},"type":"if","locations":[{"start":{"line":39,"column":9},"end":{"line":46,"column":5}},{"start":{},"end":{}}],"line":39},"5":{"loc":{"start":{"line":41,"column":8},"end":{"line":43,"column":9}},"type":"if","locations":[{"start":{"line":41,"column":8},"end":{"line":43,"column":9}},{"start":{},"end":{}}],"line":41},"6":{"loc":{"start":{"line":48,"column":9},"end":{"line":48,"column":35}},"type":"binary-expr","locations":[{"start":{"line":48,"column":9},"end":{"line":48,"column":20}},{"start":{"line":48,"column":24},"end":{"line":48,"column":35}}],"line":48},"7":{"loc":{"start":{"line":49,"column":4},"end":{"line":52,"column":5}},"type":"if","locations":[{"start":{"line":49,"column":4},"end":{"line":52,"column":5}},{"start":{},"end":{}}],"line":49},"8":{"loc":{"start":{"line":53,"column":4},"end":{"line":55,"column":5}},"type":"if","locations":[{"start":{"line":53,"column":4},"end":{"line":55,"column":5}},{"start":{},"end":{}}],"line":53},"9":{"loc":{"start":{"line":53,"column":8},"end":{"line":53,"column":44}},"type":"binary-expr","locations":[{"start":{"line":53,"column":8},"end":{"line":53,"column":24}},{"start":{"line":53,"column":28},"end":{"line":53,"column":44}}],"line":53},"10":{"loc":{"start":{"line":56,"column":4},"end":{"line":58,"column":5}},"type":"if","locations":[{"start":{"line":56,"column":4},"end":{"line":58,"column":5}},{"start":{},"end":{}}],"line":56},"11":{"loc":{"start":{"line":59,"column":4},"end":{"line":61,"column":5}},"type":"if","locations":[{"start":{"line":59,"column":4},"end":{"line":61,"column":5}},{"start":{},"end":{}}],"line":59},"12":{"loc":{"start":{"line":62,"column":4},"end":{"line":64,"column":15}},"type":"if","locations":[{"start":{"line":62,"column":4},"end":{"line":64,"column":15}},{"start":{"line":64,"column":11},"end":{"line":64,"column":15}}],"line":62},"13":{"loc":{"start":{"line":62,"column":8},"end":{"line":62,"column":44}},"type":"binary-expr","locations":[{"start":{"line":62,"column":8},"end":{"line":62,"column":24}},{"start":{"line":62,"column":28},"end":{"line":62,"column":44}}],"line":62},"14":{"loc":{"start":{"line":71,"column":2},"end":{"line":71,"column":41}},"type":"if","locations":[{"start":{"line":71,"column":2},"end":{"line":71,"column":41}},{"start":{},"end":{}}],"line":71},"15":{"loc":{"start":{"line":75,"column":4},"end":{"line":75,"column":59}},"type":"cond-expr","locations":[{"start":{"line":75,"column":25},"end":{"line":75,"column":51}},{"start":{"line":75,"column":55},"end":{"line":75,"column":59}}],"line":75},"16":{"loc":{"start":{"line":76,"column":4},"end":{"line":76,"column":59}},"type":"cond-expr","locations":[{"start":{"line":76,"column":25},"end":{"line":76,"column":51}},{"start":{"line":76,"column":55},"end":{"line":76,"column":59}}],"line":76},"17":{"loc":{"start":{"line":89,"column":4},"end":{"line":91,"column":5}},"type":"if","locations":[{"start":{"line":89,"column":4},"end":{"line":91,"column":5}},{"start":{},"end":{}}],"line":89},"18":{"loc":{"start":{"line":112,"column":6},"end":{"line":116,"column":7}},"type":"if","locations":[{"start":{"line":112,"column":6},"end":{"line":116,"column":7}},{"start":{},"end":{}}],"line":112},"19":{"loc":{"start":{"line":118,"column":4},"end":{"line":118,"column":42}},"type":"if","locations":[{"start":{"line":118,"column":4},"end":{"line":118,"column":42}},{"start":{},"end":{}}],"line":118}},"s":{"0":5,"1":3,"2":2,"3":5,"4":5,"5":23,"6":0,"7":23,"8":10,"9":13,"10":13,"11":13,"12":2,"13":1,"14":12,"15":5,"16":23,"17":1,"18":1,"19":22,"20":10,"21":22,"22":17,"23":22,"24":12,"25":22,"26":8,"27":14,"28":5,"29":4,"30":0,"31":4,"32":4,"33":4,"34":53,"35":53,"36":4,"37":3,"38":3,"39":3,"40":3,"41":193,"42":43,"43":193,"44":3,"45":119,"46":3,"47":3,"48":1,"49":1,"50":1,"51":1,"52":1,"53":49,"54":2989,"55":790,"56":790,"57":790,"58":49,"59":1,"60":48,"61":1,"62":1,"63":1,"64":1,"65":2,"66":13,"67":2,"68":1,"69":2,"70":2,"71":10,"72":23,"73":2,"74":1},"f":{"0":5,"1":5,"2":23,"3":4,"4":3,"5":119,"6":1,"7":1,"8":2,"9":13,"10":2},"b":{"0":[3,2],"1":[5,2],"2":[0,23],"3":[10,13],"4":[13,0],"5":[1,1],"6":[28,23],"7":[1,22],"8":[10,12],"9":[22,17],"10":[17,5],"11":[12,10],"12":[8,14],"13":[22,15],"14":[0,4],"15":[52,1],"16":[14,39],"17":[43,150],"18":[790,2199],"19":[1,48]},"_coverageSchema":"1a1c01bbd47fc00a2c39e90264f33305004495a9","hash":"4a4f72ee24d115048b314e4613a22c57a360d338"}
,"D:\\Programming\\JCWD Purwadhika\\day 15 exercise\\exercise2.js": {"path":"D:\\Programming\\JCWD Purwadhika\\day 15 exercise\\exercise2.js","statementMap":{"0":{"start":{"line":3,"column":12},"end":{"line":3,"column":21}},"1":{"start":{"line":4,"column":17},"end":{"line":4,"column":26}},"2":{"start":{"line":5,"column":12},"end":{"line":5,"column":14}},"3":{"start":{"line":6,"column":2},"end":{"line":22,"column":3}},"4":{"start":{"line":7,"column":4},"end":{"line":21,"column":5}},"5":{"start":{"line":8,"column":6},"end":{"line":8,"column":31}},"6":{"start":{"line":8,"column":22},"end":{"line":8,"column":31}},"7":{"start":{"line":9,"column":6},"end":{"line":9,"column":46}},"8":{"start":{"line":10,"column":6},"end":{"line":12,"column":7}},"9":{"start":{"line":11,"column":8},"end":{"line":11,"column":27}},"10":{"start":{"line":13,"column":6},"end":{"line":15,"column":15}},"11":{"start":{"line":14,"column":8},"end":{"line":14,"column":25}},"12":{"start":{"line":17,"column":6},"end":{"line":20,"column":7}},"13":{"start":{"line":18,"column":8},"end":{"line":18,"column":36}},"14":{"start":{"line":19,"column":8},"end":{"line":19,"column":21}},"15":{"start":{"line":23,"column":2},"end":{"line":23,"column":13}},"16":{"start":{"line":26,"column":18},"end":{"line":36,"column":1}},"17":{"start":{"line":38,"column":0},"end":{"line":38,"column":40}},"18":{"start":{"line":44,"column":2},"end":{"line":45,"column":47}},"19":{"start":{"line":44,"column":24},"end":{"line":44,"column":75}},"20":{"start":{"line":45,"column":7},"end":{"line":45,"column":47}},"21":{"start":{"line":48,"column":11},"end":{"line":48,"column":38}},"22":{"start":{"line":51,"column":0},"end":{"line":51,"column":32}},"23":{"start":{"line":57,"column":2},"end":{"line":57,"column":24}},"24":{"start":{"line":58,"column":2},"end":{"line":58,"column":51}},"25":{"start":{"line":59,"column":2},"end":{"line":59,"column":55}},"26":{"start":{"line":60,"column":2},"end":{"line":60,"column":34}},"27":{"start":{"line":61,"column":2},"end":{"line":61,"column":38}},"28":{"start":{"line":64,"column":0},"end":{"line":64,"column":25}},"29":{"start":{"line":65,"column":0},"end":{"line":65,"column":25}},"30":{"start":{"line":69,"column":13},"end":{"line":69,"column":31}},"31":{"start":{"line":70,"column":22},"end":{"line":70,"column":36}},"32":{"start":{"line":71,"column":25},"end":{"line":71,"column":60}},"33":{"start":{"line":72,"column":16},"end":{"line":72,"column":48}},"34":{"start":{"line":73,"column":2},"end":{"line":73,"column":54}},"35":{"start":{"line":79,"column":2},"end":{"line":79,"column":21}},"36":{"start":{"line":80,"column":2},"end":{"line":80,"column":55}},"37":{"start":{"line":81,"column":2},"end":{"line":81,"column":50}},"38":{"start":{"line":83,"column":10},"end":{"line":83,"column":62}},"39":{"start":{"line":87,"column":2},"end":{"line":87,"column":11}},"40":{"start":{"line":92,"column":0},"end":{"line":98,"column":2}}},"fnMap":{"0":{"name":"longest_common_prefix","decl":{"start":{"line":2,"column":9},"end":{"line":2,"column":30}},"loc":{"start":{"line":2,"column":46},"end":{"line":24,"column":1}},"line":2},"1":{"name":"(anonymous_1)","decl":{"start":{"line":13,"column":46},"end":{"line":13,"column":47}},"loc":{"start":{"line":14,"column":8},"end":{"line":14,"column":25}},"line":14},"2":{"name":"half_array","decl":{"start":{"line":43,"column":9},"end":{"line":43,"column":19}},"loc":{"start":{"line":43,"column":27},"end":{"line":46,"column":1}},"line":43},"3":{"name":"days_in_a_month","decl":{"start":{"line":56,"column":9},"end":{"line":56,"column":24}},"loc":{"start":{"line":56,"column":38},"end":{"line":62,"column":1}},"line":56},"4":{"name":"days_ytd","decl":{"start":{"line":68,"column":9},"end":{"line":68,"column":17}},"loc":{"start":{"line":68,"column":24},"end":{"line":74,"column":1}},"line":68},"5":{"name":"calculate_age","decl":{"start":{"line":78,"column":9},"end":{"line":78,"column":22}},"loc":{"start":{"line":78,"column":34},"end":{"line":88,"column":1}},"line":78}},"branchMap":{"0":{"loc":{"start":{"line":8,"column":6},"end":{"line":8,"column":31}},"type":"if","locations":[{"start":{"line":8,"column":6},"end":{"line":8,"column":31}},{"start":{},"end":{}}],"line":8},"1":{"loc":{"start":{"line":10,"column":6},"end":{"line":12,"column":7}},"type":"if","locations":[{"start":{"line":10,"column":6},"end":{"line":12,"column":7}},{"start":{},"end":{}}],"line":10},"2":{"loc":{"start":{"line":17,"column":6},"end":{"line":20,"column":7}},"type":"if","locations":[{"start":{"line":17,"column":6},"end":{"line":20,"column":7}},{"start":{},"end":{}}],"line":17},"3":{"loc":{"start":{"line":44,"column":2},"end":{"line":45,"column":47}},"type":"if","locations":[{"start":{"line":44,"column":2},"end":{"line":45,"column":47}},{"start":{"line":45,"column":7},"end":{"line":45,"column":47}}],"line":44}},"s":{"0":3,"1":3,"2":3,"3":3,"4":16,"5":83,"6":16,"7":67,"8":67,"9":39,"10":67,"11":423,"12":67,"13":35,"14":35,"15":3,"16":1,"17":1,"18":2,"19":1,"20":1,"21":1,"22":1,"23":5,"24":5,"25":5,"26":5,"27":5,"28":1,"29":1,"30":3,"31":3,"32":3,"33":3,"34":3,"35":2,"36":2,"37":2,"38":2,"39":2,"40":1},"f":{"0":3,"1":423,"2":2,"3":5,"4":3,"5":2},"b":{"0":[16,67],"1":[39,28],"2":[35,32],"3":[1,1]},"_coverageSchema":"1a1c01bbd47fc00a2c39e90264f33305004495a9","hash":"938e1feb5d4c03ac9dbe727146f0ddce4f460722"}
}
