TN:
SF:exercise.js
FN:2,isWeekend
FN:33,find_GCD
FN:36,is_prime
FN:70,find_LCM
FN:84,most_common_char
FN:94,(anonymous_5)
FN:105,sorting
FN:125,sort_withsort
FN:143,minimum_date
FN:145,(anonymous_9)
FN:158,sum_two_dimensional_array
FNF:11
FNH:11
FNDA:5,isWeekend
FNDA:5,find_GCD
FNDA:23,is_prime
FNDA:4,find_LCM
FNDA:3,most_common_char
FNDA:119,(anonymous_5)
FNDA:1,sorting
FNDA:1,sort_withsort
FNDA:2,minimum_date
FNDA:13,(anonymous_9)
FNDA:2,sum_two_dimensional_array
DA:23,5
DA:24,2
DA:34,5
DA:35,5
DA:37,23
DA:38,23
DA:39,13
DA:40,13
DA:41,2
DA:42,1
DA:45,12
DA:48,5
DA:49,23
DA:50,1
DA:51,1
DA:53,22
DA:54,10
DA:56,22
DA:57,17
DA:59,22
DA:60,12
DA:62,22
DA:63,8
DA:64,14
DA:66,5
DA:71,4
DA:72,4
DA:73,4
DA:74,4
DA:75,53
DA:76,53
DA:78,4
DA:85,3
DA:86,3
DA:87,3
DA:88,3
DA:89,193
DA:90,43
DA:92,193
DA:94,119
DA:95,3
DA:96,3
DA:106,1
DA:107,1
DA:108,1
DA:109,1
DA:110,1
DA:111,49
DA:112,2989
DA:113,790
DA:114,790
DA:115,790
DA:118,49
DA:119,48
DA:122,1
DA:127,1
DA:128,1
DA:129,1
DA:145,13
DA:146,2
DA:148,1
DA:159,2
DA:160,2
DA:161,10
DA:162,23
DA:165,2
DA:177,1
LF:67
LH:67
BRDA:23,0,0,3
BRDA:23,0,1,2
BRDA:23,1,0,5
BRDA:23,1,1,2
BRDA:37,2,0,0
BRDA:37,2,1,23
BRDA:38,3,0,10
BRDA:38,3,1,13
BRDA:39,4,0,13
BRDA:39,4,1,0
BRDA:41,5,0,1
BRDA:41,5,1,1
BRDA:48,6,0,28
BRDA:48,6,1,23
BRDA:49,7,0,1
BRDA:49,7,1,22
BRDA:53,8,0,10
BRDA:53,8,1,12
BRDA:53,9,0,22
BRDA:53,9,1,17
BRDA:56,10,0,17
BRDA:56,10,1,5
BRDA:59,11,0,12
BRDA:59,11,1,10
BRDA:62,12,0,8
BRDA:62,12,1,14
BRDA:62,13,0,22
BRDA:62,13,1,15
BRDA:71,14,0,0
BRDA:71,14,1,4
BRDA:75,15,0,52
BRDA:75,15,1,1
BRDA:76,16,0,14
BRDA:76,16,1,39
BRDA:89,17,0,43
BRDA:89,17,1,150
BRDA:112,18,0,790
BRDA:112,18,1,2199
BRDA:118,19,0,1
BRDA:118,19,1,48
BRF:40
BRH:37
end_of_record
TN:
SF:exercise2.js
FN:2,longest_common_prefix
FN:13,(anonymous_1)
FN:43,half_array
FN:56,days_in_a_month
FN:68,days_ytd
FN:78,calculate_age
FNF:6
FNH:6
FNDA:3,longest_common_prefix
FNDA:423,(anonymous_1)
FNDA:2,half_array
FNDA:5,days_in_a_month
FNDA:3,days_ytd
FNDA:2,calculate_age
DA:3,3
DA:4,3
DA:5,3
DA:6,3
DA:7,16
DA:8,83
DA:9,67
DA:10,67
DA:11,39
DA:13,67
DA:14,423
DA:17,67
DA:18,35
DA:19,35
DA:23,3
DA:26,1
DA:38,1
DA:44,2
DA:45,1
DA:48,1
DA:51,1
DA:57,5
DA:58,5
DA:59,5
DA:60,5
DA:61,5
DA:64,1
DA:65,1
DA:69,3
DA:70,3
DA:71,3
DA:72,3
DA:73,3
DA:79,2
DA:80,2
DA:81,2
DA:83,2
DA:87,2
DA:92,1
LF:39
LH:39
BRDA:8,0,0,16
BRDA:8,0,1,67
BRDA:10,1,0,39
BRDA:10,1,1,28
BRDA:17,2,0,35
BRDA:17,2,1,32
BRDA:44,3,0,1
BRDA:44,3,1,1
BRF:8
BRH:8
end_of_record
